2021-07-20 19:21:11 INFO  Executor:57 - user5
2021-07-20 19:21:11 INFO  Executor:59 - Alligator5
2021-07-20 19:21:11 INFO  Executor:61 - 55
2021-07-20 19:21:11 INFO  Executor:75 - user2
2021-07-20 19:21:11 INFO  Executor:77 - Alligator2
2021-07-20 19:21:11 INFO  Executor:79 - 22
2021-07-20 19:21:11 INFO  Executor:83 - user3
2021-07-20 19:21:11 INFO  Executor:85 - Alligator3
2021-07-20 19:21:11 INFO  Executor:87 - 
2021-07-20 19:21:11 INFO  Executor:91 - user4
2021-07-20 19:21:11 INFO  Executor:93 - 
2021-07-20 19:21:11 INFO  Executor:95 - 
2021-07-20 19:21:11 INFO  Executor:99 - user5
2021-07-20 19:21:11 INFO  Executor:101 - Alligator5
2021-07-20 19:21:11 INFO  Executor:103 - 55
2021-07-20 19:21:11 INFO  Executor:127 - ================================Scanner_1_ArrayList_Colleague_Properties================================
2021-07-20 19:21:11 INFO  Executor:131 - Enter the whole number of Employees
2021-07-20 19:21:36 INFO  Executor:57 - user5
2021-07-20 19:21:36 INFO  Executor:59 - Alligator5
2021-07-20 19:21:36 INFO  Executor:61 - 55
2021-07-20 19:21:37 INFO  Executor:75 - user2
2021-07-20 19:21:37 INFO  Executor:77 - Alligator2
2021-07-20 19:21:37 INFO  Executor:79 - 22
2021-07-20 19:21:37 INFO  Executor:83 - user3
2021-07-20 19:21:37 INFO  Executor:85 - Alligator3
2021-07-20 19:21:37 INFO  Executor:87 - 
2021-07-20 19:21:37 INFO  Executor:91 - user4
2021-07-20 19:21:37 INFO  Executor:93 - 
2021-07-20 19:21:37 INFO  Executor:95 - 
2021-07-20 19:21:37 INFO  Executor:99 - user5
2021-07-20 19:21:37 INFO  Executor:101 - Alligator5
2021-07-20 19:21:37 INFO  Executor:103 - 55
2021-07-20 19:21:37 INFO  Executor:127 - ================================Scanner_1_ArrayList_Colleague_Properties================================
2021-07-20 19:21:37 INFO  Executor:131 - Enter the whole number of Employees
2021-07-20 19:50:29 INFO  Executor:57 - user5
2021-07-20 19:50:29 INFO  Executor:59 - Alligator5
2021-07-20 19:50:29 INFO  Executor:61 - 55
2021-07-20 19:50:29 INFO  Executor:75 - user2
2021-07-20 19:50:29 INFO  Executor:77 - Alligator2
2021-07-20 19:50:29 INFO  Executor:79 - 22
2021-07-20 19:50:29 INFO  Executor:83 - user3
2021-07-20 19:50:29 INFO  Executor:85 - Alligator3
2021-07-20 19:50:29 INFO  Executor:87 - 
2021-07-20 19:50:29 INFO  Executor:91 - user4
2021-07-20 19:50:29 INFO  Executor:93 - 
2021-07-20 19:50:29 INFO  Executor:95 - 
2021-07-20 19:50:29 INFO  Executor:99 - user5
2021-07-20 19:50:29 INFO  Executor:101 - Alligator5
2021-07-20 19:50:29 INFO  Executor:103 - 55
2021-07-20 19:50:29 INFO  Executor:127 - ================================Scanner_1_ArrayList_Colleague_Properties================================
2021-07-20 19:50:29 INFO  Executor:131 - Enter the whole number of Employees
2021-07-20 19:51:53 INFO  Executor:133 - Enter the whole number of Bosses
2021-07-20 19:51:53 INFO  Executor:135 - Enter the whole number of Expirienced Applicants
2021-07-20 19:51:56 INFO  Executor:159 - ====================================
2021-07-20 19:51:56 INFO  Executor:161 - Would you like to get all of the information about all of the Colleagues? (y/n)
2021-07-20 19:52:02 INFO  Executor:57 - user5
2021-07-20 19:52:02 INFO  Executor:59 - Alligator5
2021-07-20 19:52:02 INFO  Executor:61 - 55
2021-07-20 19:52:02 INFO  Executor:75 - user2
2021-07-20 19:52:02 INFO  Executor:77 - Alligator2
2021-07-20 19:52:02 INFO  Executor:79 - 22
2021-07-20 19:52:02 INFO  Executor:83 - user3
2021-07-20 19:52:02 INFO  Executor:85 - Alligator3
2021-07-20 19:52:02 INFO  Executor:87 - 
2021-07-20 19:52:02 INFO  Executor:91 - user4
2021-07-20 19:52:02 INFO  Executor:93 - 
2021-07-20 19:52:02 INFO  Executor:95 - 
2021-07-20 19:52:02 INFO  Executor:99 - user5
2021-07-20 19:52:02 INFO  Executor:101 - Alligator5
2021-07-20 19:52:02 INFO  Executor:103 - 55
2021-07-20 19:52:02 INFO  Executor:127 - ================================Scanner_1_ArrayList_Colleague_Properties================================
2021-07-20 19:52:02 INFO  Executor:131 - Enter the whole number of Employees
2021-07-20 19:52:06 INFO  Executor:133 - Enter the whole number of Bosses
2021-07-20 19:52:07 INFO  Executor:135 - Enter the whole number of Expirienced Applicants
2021-07-20 19:52:08 INFO  Executor:159 - ====================================
2021-07-20 19:52:08 INFO  Executor:161 - Would you like to get all of the information about all of the Colleagues? (y/n)
2021-07-20 19:52:11 INFO  Executor:169 - I am a(an)_ employee
I am_  0  _years old
My sex is_ null
My salary is_ 0
I can aquire new skills!
I can work 8 hours every day!
2021-07-20 19:52:11 INFO  Executor:170 - ======
2021-07-20 19:52:11 INFO  Executor:169 - I am a(an)_ employee
I am_  0  _years old
My sex is_ null
My salary is_ 0
I can aquire new skills!
I can work 8 hours every day!
2021-07-20 19:52:11 INFO  Executor:170 - ======
2021-07-20 19:52:11 INFO  Executor:169 - I am a(an)_ employee
I am_  0  _years old
My sex is_ null
My salary is_ 0
I can aquire new skills!
I can work 8 hours every day!
2021-07-20 19:52:11 INFO  Executor:170 - ======
2021-07-20 19:52:11 INFO  Executor:169 - I am a(an)_ employee
I am_  0  _years old
My sex is_ null
My salary is_ 0
I can aquire new skills!
I can work 8 hours every day!
2021-07-20 19:52:11 INFO  Executor:170 - ======
2021-07-20 19:52:11 INFO  Executor:169 - I am a(an)_ employee
I am_  0  _years old
My sex is_ null
My salary is_ 0
I can aquire new skills!
I can work 8 hours every day!
2021-07-20 19:52:11 INFO  Executor:170 - ======
2021-07-20 19:52:11 INFO  Executor:169 - I am a(an)_ employee
I am_  0  _years old
My sex is_ null
My salary is_ 0
I can aquire new skills!
I can work 8 hours every day!
2021-07-20 19:52:11 INFO  Executor:170 - ======
2021-07-20 19:52:11 INFO  Executor:180 - ====================================
2021-07-20 19:52:11 INFO  Executor:188 - Would you like to set data to all of the Colleagues? (y/n)
